<?xml version="1.0" encoding="UTF-8"?>
<!-- Generated by org.testng.reporters.JUnitXMLReporter -->
<testsuite hostname="HIMANSHU-SINGH" name="Myntra Automation Test Cases" tests="11" failures="1" timestamp="15 Mar 2020 09:32:28 GMT" time="180.785" errors="0">
  <testcase name="myntraHomePageUrlTest" time="0.024" classname="com.myntra.qa.testcases.MyntraLoginPageTest"/>
  <testcase name="myntraHomePageTitleTest" time="0.017" classname="com.myntra.qa.testcases.MyntraLoginPageTest"/>
  <testcase name="loginTest" time="2.851" classname="com.myntra.qa.testcases.MyntraLoginPageTest"/>
  <testcase name="titleTestAfterLogin" time="0.012" classname="com.myntra.qa.testcases.MyntraLoginPageTest"/>
  <testcase name="userNameTest" time="4.21" classname="com.myntra.qa.testcases.UserHomePageTest"/>
  <testcase name="menTabTest" time="7.481" classname="com.myntra.qa.testcases.UserHomePageTest"/>
  <testcase name="womenTabTest" time="7.412" classname="com.myntra.qa.testcases.UserHomePageTest"/>
  <testcase name="kidsTabTest" time="7.034" classname="com.myntra.qa.testcases.UserHomePageTest"/>
  <testcase name="discoverTabTest" time="11.18" classname="com.myntra.qa.testcases.UserHomePageTest"/>
  <testcase name="validateUserDetails" time="0.669" classname="com.myntra.qa.testcases.MyProfilePageTest"/>
  <testcase name="validateSearchResultTextAfterSearching" time="21.771" classname="com.myntra.qa.testcases.SearchFunctionPageTest">
    <failure type="org.openqa.selenium.NoSuchElementException" message="no such element: Unable to locate element: {&amp;quot;method&amp;quot;:&amp;quot;xpath&amp;quot;,&amp;quot;selector&amp;quot;:&amp;quot;//h1[@class=&amp;apos;title-title&amp;apos;]&amp;quot;}
  (Session info: chrome=79.0.3945.130)
  (Driver info: chromedriver=72.0.3626.69 (3c16f8a135abc0d4da2dff33804db79b849a7c38),platform=Windows NT 6.1.7601 SP1 x86_64) (WARNING: The server did not provide any stacktrace information)
Command duration or timeout: 20.04 seconds
For documentation on this error, please visit: http://seleniumhq.org/exceptions/no_such_element.html
Build info: version: &amp;apos;2.53.0&amp;apos;, revision: &amp;apos;35ae25b&amp;apos;, time: &amp;apos;2016-03-15 17:00:58&amp;apos;
System info: host: &amp;apos;HIMANSHU-SINGH&amp;apos;, ip: &amp;apos;192.168.0.102&amp;apos;, os.name: &amp;apos;Windows 7&amp;apos;, os.arch: &amp;apos;amd64&amp;apos;, os.version: &amp;apos;6.1&amp;apos;, java.version: &amp;apos;1.8.0_161&amp;apos;
Driver info: org.openqa.selenium.chrome.ChromeDriver
Capabilities [{mobileEmulationEnabled=false, timeouts={implicit=0, pageLoad=300000, script=30000}, hasTouchScreen=false, platform=XP, acceptSslCerts=false, goog:chromeOptions={debuggerAddress=localhost:59707}, acceptInsecureCerts=false, webStorageEnabled=true, browserName=chrome, takesScreenshot=true, javascriptEnabled=true, setWindowRect=true, unexpectedAlertBehaviour=ignore, applicationCacheEnabled=false, rotatable=false, networkConnectionEnabled=false, chrome={chromedriverVersion=72.0.3626.69 (3c16f8a135abc0d4da2dff33804db79b849a7c38), userDataDir=C:\Users\TEMPHI~1.002\AppData\Local\Temp\scoped_dir12404_25514}, takesHeapSnapshot=true, pageLoadStrategy=normal, databaseEnabled=false, handlesAlerts=true, version=79.0.3945.130, browserConnectionEnabled=false, proxy={}, nativeEvents=true, locationContextEnabled=true, cssSelectorsEnabled=true}]
Session ID: df880021f9c9c28ad9e411a3a1e3928c
*** Element info: {Using=xpath, value=//h1[@class=&amp;apos;title-title&amp;apos;]}">
      <![CDATA[org.openqa.selenium.NoSuchElementException: no such element: Unable to locate element: {"method":"xpath","selector":"//h1[@class='title-title']"}
  (Session info: chrome=79.0.3945.130)
  (Driver info: chromedriver=72.0.3626.69 (3c16f8a135abc0d4da2dff33804db79b849a7c38),platform=Windows NT 6.1.7601 SP1 x86_64) (WARNING: The server did not provide any stacktrace information)
Command duration or timeout: 20.04 seconds
For documentation on this error, please visit: http://seleniumhq.org/exceptions/no_such_element.html
Build info: version: '2.53.0', revision: '35ae25b', time: '2016-03-15 17:00:58'
System info: host: 'HIMANSHU-SINGH', ip: '192.168.0.102', os.name: 'Windows 7', os.arch: 'amd64', os.version: '6.1', java.version: '1.8.0_161'
Driver info: org.openqa.selenium.chrome.ChromeDriver
Capabilities [{mobileEmulationEnabled=false, timeouts={implicit=0, pageLoad=300000, script=30000}, hasTouchScreen=false, platform=XP, acceptSslCerts=false, goog:chromeOptions={debuggerAddress=localhost:59707}, acceptInsecureCerts=false, webStorageEnabled=true, browserName=chrome, takesScreenshot=true, javascriptEnabled=true, setWindowRect=true, unexpectedAlertBehaviour=ignore, applicationCacheEnabled=false, rotatable=false, networkConnectionEnabled=false, chrome={chromedriverVersion=72.0.3626.69 (3c16f8a135abc0d4da2dff33804db79b849a7c38), userDataDir=C:\Users\TEMPHI~1.002\AppData\Local\Temp\scoped_dir12404_25514}, takesHeapSnapshot=true, pageLoadStrategy=normal, databaseEnabled=false, handlesAlerts=true, version=79.0.3945.130, browserConnectionEnabled=false, proxy={}, nativeEvents=true, locationContextEnabled=true, cssSelectorsEnabled=true}]
Session ID: df880021f9c9c28ad9e411a3a1e3928c
*** Element info: {Using=xpath, value=//h1[@class='title-title']}
	at org.openqa.selenium.remote.ErrorHandler.createThrowable(ErrorHandler.java:206)
	at org.openqa.selenium.remote.ErrorHandler.throwIfResponseFailed(ErrorHandler.java:158)
	at org.openqa.selenium.remote.RemoteWebDriver.execute(RemoteWebDriver.java:678)
	at org.openqa.selenium.remote.RemoteWebDriver.findElement(RemoteWebDriver.java:363)
	at org.openqa.selenium.remote.RemoteWebDriver.findElementByXPath(RemoteWebDriver.java:500)
	at org.openqa.selenium.By$ByXPath.findElement(By.java:361)
	at org.openqa.selenium.remote.RemoteWebDriver.findElement(RemoteWebDriver.java:355)
	at org.openqa.selenium.support.pagefactory.DefaultElementLocator.findElement(DefaultElementLocator.java:69)
	at org.openqa.selenium.support.pagefactory.internal.LocatingElementHandler.invoke(LocatingElementHandler.java:38)
	at com.sun.proxy.$Proxy7.getText(Unknown Source)
	at com.myntra.qa.pages.SearchFunctionPage.validateSearchFunction(SearchFunctionPage.java:31)
	at com.myntra.qa.testcases.SearchFunctionPageTest.validateSearchResultTextAfterSearching(SearchFunctionPageTest.java:34)
... Removed 28 stack frames]]>
    </failure>
  </testcase> <!-- validateSearchResultTextAfterSearching -->
</testsuite> <!-- Myntra Automation Test Cases -->
